<?xml version="1.0" encoding="UTF-8"?>
<!-- Generated by org.testng.reporters.JUnitReportReporter -->
<testsuite hostname="Basils-MBP" failures="0" tests="1" name="buffalocartErp.BuffalocartUserSignupTest" time="87.161" errors="0" timestamp="2022-02-07T11:11:23 NZDT" skipped="0">
  <testcase classname="buffalocartErp.BuffalocartUserSignupTest" name="logintest" time="87.161"/>
  <system-out/>
</testsuite> <!-- buffalocartErp.BuffalocartUserSignupTest -->
