<?xml version="1.0" encoding="UTF-8"?>
<!-- Generated by org.testng.reporters.JUnitReportReporter -->
<testsuite hostname="Basils-MBP" failures="0" tests="1" name="buffalocartErp.BuffalocartBugDashboardTest" time="62.082" errors="0" timestamp="2022-02-06T14:59:29 NZDT" skipped="0">
  <testcase classname="buffalocartErp.BuffalocartBugDashboardTest" name="verifyBugTitle" time="62.082"/>
  <system-out/>
</testsuite> <!-- buffalocartErp.BuffalocartBugDashboardTest -->
