<?xml version="1.0" encoding="UTF-8"?>
<!-- Generated by org.testng.reporters.JUnitReportReporter -->
<testsuite hostname="Basils-MBP" failures="0" tests="1" name="buffalocartErp.BuffalocartBugTest" time="108.175" errors="0" timestamp="2022-02-05T22:02:19 NZDT" skipped="0">
  <testcase classname="buffalocartErp.BuffalocartBugTest" name="bugManagement" time="108.175"/>
  <system-out/>
</testsuite> <!-- buffalocartErp.BuffalocartBugTest -->
